<?xml version="1.0" encoding="UTF-8"?>
<testsuite xmlns:xsi="http://www.w3.org/2001/XMLSchema-instance" xsi:noNamespaceSchemaLocation="https://maven.apache.org/surefire/maven-surefire-plugin/xsd/surefire-test-report.xsd" name="stos.StackTest" time="0.025" tests="4" errors="0" skipped="0" failures="0">
  <properties>
[...]
</properties>
  <testcase name="testPeek" classname="stos.StackTest" time="0.002"/>
  <testcase name="testPushAndPop" classname="stos.StackTest" time="0"/>
  <testcase name="testPeekEmptyStack" classname="stos.StackTest" time="0"/>
  <testcase name="testPopEmptyStack" classname="stos.StackTest" time="0"/>
</testsuite>