<?xml version="1.0" encoding="UTF-8"?>
<testsuite xmlns:xsi="http://www.w3.org/2001/XMLSchema-instance" xsi:noNamespaceSchemaLocation="https://maven.apache.org/surefire/maven-surefire-plugin/xsd/surefire-test-report.xsd" name="employee_register.RegisterTest" time="0.017" tests="10" errors="0" skipped="0" failures="0">
  <properties>
[...]
</properties>
  <testcase name="sortEmployees" classname="employee_register.RegisterTest" time="0.003"/>
  <testcase name="addEmployees" classname="employee_register.RegisterTest" time="0"/>
  <testcase name="findEmployeesByCityNoMatch" classname="employee_register.RegisterTest" time="0"/>
  <testcase name="calculationPhysicalEmployee" classname="employee_register.RegisterTest" time="0"/>
  <testcase name="removeEmployee" classname="employee_register.RegisterTest" time="0"/>
  <testcase name="calculationOfficeEmployee" classname="employee_register.RegisterTest" time="0"/>
  <testcase name="addEmployee" classname="employee_register.RegisterTest" time="0.001"/>
  <testcase name="findEmployeesByCity" classname="employee_register.RegisterTest" time="0"/>
  <testcase name="removeNonExistentEmployee" classname="employee_register.RegisterTest" time="0"/>
  <testcase name="calculationTraderHighEffectiveness" classname="employee_register.RegisterTest" time="0"/>
</testsuite>