<?xml version="1.0" encoding="UTF-8"?>
<testsuite xmlns:xsi="http://www.w3.org/2001/XMLSchema-instance" xsi:noNamespaceSchemaLocation="https://maven.apache.org/surefire/maven-surefire-plugin/xsd/surefire-test-report.xsd" name="rpn.RPNTest" time="0.022" tests="12" errors="0" skipped="0" failures="0">
  <properties>
[...]
</properties>
  <testcase name="testDivByZero" classname="rpn.RPNTest" time="0.002"/>
  <testcase name="testInvalidOperator" classname="rpn.RPNTest" time="0"/>
  <testcase name="testSingleNumber" classname="rpn.RPNTest" time="0"/>
  <testcase name="testAddMult" classname="rpn.RPNTest" time="0"/>
  <testcase name="testAdd" classname="rpn.RPNTest" time="0"/>
  <testcase name="testDiv" classname="rpn.RPNTest" time="0"/>
  <testcase name="testSub" classname="rpn.RPNTest" time="0"/>
  <testcase name="testMult" classname="rpn.RPNTest" time="0"/>
  <testcase name="testExtraSpaces" classname="rpn.RPNTest" time="0"/>
  <testcase name="testLargeNumbers" classname="rpn.RPNTest" time="0.001"/>
  <testcase name="testIncorrectOrder" classname="rpn.RPNTest" time="0"/>
  <testcase name="testNegativeNumbers" classname="rpn.RPNTest" time="0"/>
</testsuite>