<?xml version="1.0" encoding="UTF-8"?>
<testsuite xmlns:xsi="http://www.w3.org/2001/XMLSchema-instance" xsi:noNamespaceSchemaLocation="https://maven.apache.org/surefire/maven-surefire-plugin/xsd/surefire-test-report-3.0.xsd" version="3.0" name="war_games.GameEngineTest" time="0.073" tests="30" errors="30" skipped="0" failures="0">
  <properties>
[...]
</properties>
  <testcase name="testAutoSave" classname="war_games.GameEngineTest" time="0.013">
    <error message="Unresolved compilation problems: &#10;	Cannot make a static reference to the non-static method load(String) from the type GameState&#10;	Cannot make a static reference to the non-static method validateGameState(GameState) from the type GameState&#10;" type="java.lang.Error"><![CDATA[java.lang.Error: 
Unresolved compilation problems: 
	Cannot make a static reference to the non-static method load(String) from the type GameState
	Cannot make a static reference to the non-static method validateGameState(GameState) from the type GameState

	at war_games.GameEngineTest.<init>(GameEngineTest.java:119)
	at java.base/java.lang.reflect.Constructor.newInstanceWithCaller(Constructor.java:500)
	at java.base/java.lang.reflect.Constructor.newInstance(Constructor.java:481)
	at java.base/java.util.Optional.orElseGet(Optional.java:364)
	at java.base/java.util.ArrayList.forEach(ArrayList.java:1511)
	at java.base/java.util.ArrayList.forEach(ArrayList.java:1511)
]]></error>
  </testcase>
  <testcase name="testGainExperience" classname="war_games.GameEngineTest" time="0.001">
    <error message="Unresolved compilation problems: &#10;	Cannot make a static reference to the non-static method load(String) from the type GameState&#10;	Cannot make a static reference to the non-static method validateGameState(GameState) from the type GameState&#10;" type="java.lang.Error"><![CDATA[java.lang.Error: 
Unresolved compilation problems: 
	Cannot make a static reference to the non-static method load(String) from the type GameState
	Cannot make a static reference to the non-static method validateGameState(GameState) from the type GameState

	at war_games.GameEngineTest.<init>(GameEngineTest.java:119)
	at java.base/java.lang.reflect.Constructor.newInstanceWithCaller(Constructor.java:500)
	at java.base/java.lang.reflect.Constructor.newInstance(Constructor.java:481)
	at java.base/java.util.Optional.orElseGet(Optional.java:364)
	at java.base/java.util.ArrayList.forEach(ArrayList.java:1511)
	at java.base/java.util.ArrayList.forEach(ArrayList.java:1511)
]]></error>
  </testcase>
  <testcase name="testPerformManeuvers" classname="war_games.GameEngineTest" time="0.001">
    <error message="Unresolved compilation problems: &#10;	Cannot make a static reference to the non-static method load(String) from the type GameState&#10;	Cannot make a static reference to the non-static method validateGameState(GameState) from the type GameState&#10;" type="java.lang.Error"><![CDATA[java.lang.Error: 
Unresolved compilation problems: 
	Cannot make a static reference to the non-static method load(String) from the type GameState
	Cannot make a static reference to the non-static method validateGameState(GameState) from the type GameState

	at war_games.GameEngineTest.<init>(GameEngineTest.java:119)
	at java.base/java.lang.reflect.Constructor.newInstanceWithCaller(Constructor.java:500)
	at java.base/java.lang.reflect.Constructor.newInstance(Constructor.java:481)
	at java.base/java.util.Optional.orElseGet(Optional.java:364)
	at java.base/java.util.ArrayList.forEach(ArrayList.java:1511)
	at java.base/java.util.ArrayList.forEach(ArrayList.java:1511)
]]></error>
  </testcase>
  <testcase name="testRemoveRandomSoldier" classname="war_games.GameEngineTest" time="0.001">
    <error message="Unresolved compilation problems: &#10;	Cannot make a static reference to the non-static method load(String) from the type GameState&#10;	Cannot make a static reference to the non-static method validateGameState(GameState) from the type GameState&#10;" type="java.lang.Error"><![CDATA[java.lang.Error: 
Unresolved compilation problems: 
	Cannot make a static reference to the non-static method load(String) from the type GameState
	Cannot make a static reference to the non-static method validateGameState(GameState) from the type GameState

	at war_games.GameEngineTest.<init>(GameEngineTest.java:119)
	at java.base/java.lang.reflect.Constructor.newInstanceWithCaller(Constructor.java:500)
	at java.base/java.lang.reflect.Constructor.newInstance(Constructor.java:481)
	at java.base/java.util.Optional.orElseGet(Optional.java:364)
	at java.base/java.util.ArrayList.forEach(ArrayList.java:1511)
	at java.base/java.util.ArrayList.forEach(ArrayList.java:1511)
]]></error>
  </testcase>
  <testcase name="testSaveGame" classname="war_games.GameEngineTest" time="0.001">
    <error message="Unresolved compilation problems: &#10;	Cannot make a static reference to the non-static method load(String) from the type GameState&#10;	Cannot make a static reference to the non-static method validateGameState(GameState) from the type GameState&#10;" type="java.lang.Error"><![CDATA[java.lang.Error: 
Unresolved compilation problems: 
	Cannot make a static reference to the non-static method load(String) from the type GameState
	Cannot make a static reference to the non-static method validateGameState(GameState) from the type GameState

	at war_games.GameEngineTest.<init>(GameEngineTest.java:119)
	at java.base/java.lang.reflect.Constructor.newInstanceWithCaller(Constructor.java:500)
	at java.base/java.lang.reflect.Constructor.newInstance(Constructor.java:481)
	at java.base/java.util.Optional.orElseGet(Optional.java:364)
	at java.base/java.util.ArrayList.forEach(ArrayList.java:1511)
	at java.base/java.util.ArrayList.forEach(ArrayList.java:1511)
]]></error>
  </testcase>
  <testcase name="testGetStrength" classname="war_games.GameEngineTest" time="0.001">
    <error message="Unresolved compilation problems: &#10;	Cannot make a static reference to the non-static method load(String) from the type GameState&#10;	Cannot make a static reference to the non-static method validateGameState(GameState) from the type GameState&#10;" type="java.lang.Error"><![CDATA[java.lang.Error: 
Unresolved compilation problems: 
	Cannot make a static reference to the non-static method load(String) from the type GameState
	Cannot make a static reference to the non-static method validateGameState(GameState) from the type GameState

	at war_games.GameEngineTest.<init>(GameEngineTest.java:119)
	at java.base/java.lang.reflect.Constructor.newInstanceWithCaller(Constructor.java:500)
	at java.base/java.lang.reflect.Constructor.newInstance(Constructor.java:481)
	at java.base/java.util.Optional.orElseGet(Optional.java:364)
	at java.base/java.util.ArrayList.forEach(ArrayList.java:1511)
	at java.base/java.util.ArrayList.forEach(ArrayList.java:1511)
]]></error>
  </testcase>
  <testcase name="testGameStateInitialization" classname="war_games.GameEngineTest" time="0.001">
    <error message="Unresolved compilation problems: &#10;	Cannot make a static reference to the non-static method load(String) from the type GameState&#10;	Cannot make a static reference to the non-static method validateGameState(GameState) from the type GameState&#10;" type="java.lang.Error"><![CDATA[java.lang.Error: 
Unresolved compilation problems: 
	Cannot make a static reference to the non-static method load(String) from the type GameState
	Cannot make a static reference to the non-static method validateGameState(GameState) from the type GameState

	at war_games.GameEngineTest.<init>(GameEngineTest.java:119)
	at java.base/java.lang.reflect.Constructor.newInstanceWithCaller(Constructor.java:500)
	at java.base/java.lang.reflect.Constructor.newInstance(Constructor.java:481)
	at java.base/java.util.Optional.orElseGet(Optional.java:364)
	at java.base/java.util.ArrayList.forEach(ArrayList.java:1511)
	at java.base/java.util.ArrayList.forEach(ArrayList.java:1511)
]]></error>
  </testcase>
  <testcase name="testRemoveDeadSoldiers" classname="war_games.GameEngineTest" time="0.001">
    <error message="Unresolved compilation problems: &#10;	Cannot make a static reference to the non-static method load(String) from the type GameState&#10;	Cannot make a static reference to the non-static method validateGameState(GameState) from the type GameState&#10;" type="java.lang.Error"><![CDATA[java.lang.Error: 
Unresolved compilation problems: 
	Cannot make a static reference to the non-static method load(String) from the type GameState
	Cannot make a static reference to the non-static method validateGameState(GameState) from the type GameState

	at war_games.GameEngineTest.<init>(GameEngineTest.java:119)
	at java.base/java.lang.reflect.Constructor.newInstanceWithCaller(Constructor.java:500)
	at java.base/java.lang.reflect.Constructor.newInstance(Constructor.java:481)
	at java.base/java.util.Optional.orElseGet(Optional.java:364)
	at java.base/java.util.ArrayList.forEach(ArrayList.java:1511)
	at java.base/java.util.ArrayList.forEach(ArrayList.java:1511)
]]></error>
  </testcase>
  <testcase name="testAddSoldier" classname="war_games.GameEngineTest" time="0.001">
    <error message="Unresolved compilation problems: &#10;	Cannot make a static reference to the non-static method load(String) from the type GameState&#10;	Cannot make a static reference to the non-static method validateGameState(GameState) from the type GameState&#10;" type="java.lang.Error"><![CDATA[java.lang.Error: 
Unresolved compilation problems: 
	Cannot make a static reference to the non-static method load(String) from the type GameState
	Cannot make a static reference to the non-static method validateGameState(GameState) from the type GameState

	at war_games.GameEngineTest.<init>(GameEngineTest.java:119)
	at java.base/java.lang.reflect.Constructor.newInstanceWithCaller(Constructor.java:500)
	at java.base/java.lang.reflect.Constructor.newInstance(Constructor.java:481)
	at java.base/java.util.Optional.orElseGet(Optional.java:364)
	at java.base/java.util.ArrayList.forEach(ArrayList.java:1511)
	at java.base/java.util.ArrayList.forEach(ArrayList.java:1511)
]]></error>
  </testcase>
  <testcase name="testCalculateTotalStrength" classname="war_games.GameEngineTest" time="0.001">
    <error message="Unresolved compilation problems: &#10;	Cannot make a static reference to the non-static method load(String) from the type GameState&#10;	Cannot make a static reference to the non-static method validateGameState(GameState) from the type GameState&#10;" type="java.lang.Error"><![CDATA[java.lang.Error: 
Unresolved compilation problems: 
	Cannot make a static reference to the non-static method load(String) from the type GameState
	Cannot make a static reference to the non-static method validateGameState(GameState) from the type GameState

	at war_games.GameEngineTest.<init>(GameEngineTest.java:119)
	at java.base/java.lang.reflect.Constructor.newInstanceWithCaller(Constructor.java:500)
	at java.base/java.lang.reflect.Constructor.newInstance(Constructor.java:481)
	at java.base/java.util.Optional.orElseGet(Optional.java:364)
	at java.base/java.util.ArrayList.forEach(ArrayList.java:1511)
	at java.base/java.util.ArrayList.forEach(ArrayList.java:1511)
]]></error>
  </testcase>
  <testcase name="testPromote" classname="war_games.GameEngineTest" time="0.0">
    <error message="Unresolved compilation problems: &#10;	Cannot make a static reference to the non-static method load(String) from the type GameState&#10;	Cannot make a static reference to the non-static method validateGameState(GameState) from the type GameState&#10;" type="java.lang.Error"><![CDATA[java.lang.Error: 
Unresolved compilation problems: 
	Cannot make a static reference to the non-static method load(String) from the type GameState
	Cannot make a static reference to the non-static method validateGameState(GameState) from the type GameState

	at war_games.GameEngineTest.<init>(GameEngineTest.java:119)
	at java.base/java.lang.reflect.Constructor.newInstanceWithCaller(Constructor.java:500)
	at java.base/java.lang.reflect.Constructor.newInstance(Constructor.java:481)
	at java.base/java.util.Optional.orElseGet(Optional.java:364)
	at java.base/java.util.ArrayList.forEach(ArrayList.java:1511)
	at java.base/java.util.ArrayList.forEach(ArrayList.java:1511)
]]></error>
  </testcase>
  <testcase name="testProcessTie" classname="war_games.GameEngineTest" time="0.0">
    <error message="Unresolved compilation problems: &#10;	Cannot make a static reference to the non-static method load(String) from the type GameState&#10;	Cannot make a static reference to the non-static method validateGameState(GameState) from the type GameState&#10;" type="java.lang.Error"><![CDATA[java.lang.Error: 
Unresolved compilation problems: 
	Cannot make a static reference to the non-static method load(String) from the type GameState
	Cannot make a static reference to the non-static method validateGameState(GameState) from the type GameState

	at war_games.GameEngineTest.<init>(GameEngineTest.java:119)
	at java.base/java.lang.reflect.Constructor.newInstanceWithCaller(Constructor.java:500)
	at java.base/java.lang.reflect.Constructor.newInstance(Constructor.java:481)
	at java.base/java.util.Optional.orElseGet(Optional.java:364)
	at java.base/java.util.ArrayList.forEach(ArrayList.java:1511)
	at java.base/java.util.ArrayList.forEach(ArrayList.java:1511)
]]></error>
  </testcase>
  <testcase name="testLoggerLogWithConsoleOutput" classname="war_games.GameEngineTest" time="0.0">
    <error message="Unresolved compilation problems: &#10;	Cannot make a static reference to the non-static method load(String) from the type GameState&#10;	Cannot make a static reference to the non-static method validateGameState(GameState) from the type GameState&#10;" type="java.lang.Error"><![CDATA[java.lang.Error: 
Unresolved compilation problems: 
	Cannot make a static reference to the non-static method load(String) from the type GameState
	Cannot make a static reference to the non-static method validateGameState(GameState) from the type GameState

	at war_games.GameEngineTest.<init>(GameEngineTest.java:119)
	at java.base/java.lang.reflect.Constructor.newInstanceWithCaller(Constructor.java:500)
	at java.base/java.lang.reflect.Constructor.newInstance(Constructor.java:481)
	at java.base/java.util.Optional.orElseGet(Optional.java:364)
	at java.base/java.util.ArrayList.forEach(ArrayList.java:1511)
	at java.base/java.util.ArrayList.forEach(ArrayList.java:1511)
]]></error>
  </testcase>
  <testcase name="testShowStatus" classname="war_games.GameEngineTest" time="0.001">
    <error message="Unresolved compilation problems: &#10;	Cannot make a static reference to the non-static method load(String) from the type GameState&#10;	Cannot make a static reference to the non-static method validateGameState(GameState) from the type GameState&#10;" type="java.lang.Error"><![CDATA[java.lang.Error: 
Unresolved compilation problems: 
	Cannot make a static reference to the non-static method load(String) from the type GameState
	Cannot make a static reference to the non-static method validateGameState(GameState) from the type GameState

	at war_games.GameEngineTest.<init>(GameEngineTest.java:119)
	at java.base/java.lang.reflect.Constructor.newInstanceWithCaller(Constructor.java:500)
	at java.base/java.lang.reflect.Constructor.newInstance(Constructor.java:481)
	at java.base/java.util.Optional.orElseGet(Optional.java:364)
	at java.base/java.util.ArrayList.forEach(ArrayList.java:1511)
	at java.base/java.util.ArrayList.forEach(ArrayList.java:1511)
]]></error>
  </testcase>
  <testcase name="testRecruitSoldiers_EnoughGold" classname="war_games.GameEngineTest" time="0.001">
    <error message="Unresolved compilation problems: &#10;	Cannot make a static reference to the non-static method load(String) from the type GameState&#10;	Cannot make a static reference to the non-static method validateGameState(GameState) from the type GameState&#10;" type="java.lang.Error"><![CDATA[java.lang.Error: 
Unresolved compilation problems: 
	Cannot make a static reference to the non-static method load(String) from the type GameState
	Cannot make a static reference to the non-static method validateGameState(GameState) from the type GameState

	at war_games.GameEngineTest.<init>(GameEngineTest.java:119)
	at java.base/java.lang.reflect.Constructor.newInstanceWithCaller(Constructor.java:500)
	at java.base/java.lang.reflect.Constructor.newInstance(Constructor.java:481)
	at java.base/java.util.Optional.orElseGet(Optional.java:364)
	at java.base/java.util.ArrayList.forEach(ArrayList.java:1511)
	at java.base/java.util.ArrayList.forEach(ArrayList.java:1511)
]]></error>
  </testcase>
  <testcase name="testLogGameState" classname="war_games.GameEngineTest" time="0.0">
    <error message="Unresolved compilation problems: &#10;	Cannot make a static reference to the non-static method load(String) from the type GameState&#10;	Cannot make a static reference to the non-static method validateGameState(GameState) from the type GameState&#10;" type="java.lang.Error"><![CDATA[java.lang.Error: 
Unresolved compilation problems: 
	Cannot make a static reference to the non-static method load(String) from the type GameState
	Cannot make a static reference to the non-static method validateGameState(GameState) from the type GameState

	at war_games.GameEngineTest.<init>(GameEngineTest.java:119)
	at java.base/java.lang.reflect.Constructor.newInstanceWithCaller(Constructor.java:500)
	at java.base/java.lang.reflect.Constructor.newInstance(Constructor.java:481)
	at java.base/java.util.Optional.orElseGet(Optional.java:364)
	at java.base/java.util.ArrayList.forEach(ArrayList.java:1511)
	at java.base/java.util.ArrayList.forEach(ArrayList.java:1511)
]]></error>
  </testcase>
  <testcase name="testSaveMethod" classname="war_games.GameEngineTest" time="0.0">
    <error message="Unresolved compilation problems: &#10;	Cannot make a static reference to the non-static method load(String) from the type GameState&#10;	Cannot make a static reference to the non-static method validateGameState(GameState) from the type GameState&#10;" type="java.lang.Error"><![CDATA[java.lang.Error: 
Unresolved compilation problems: 
	Cannot make a static reference to the non-static method load(String) from the type GameState
	Cannot make a static reference to the non-static method validateGameState(GameState) from the type GameState

	at war_games.GameEngineTest.<init>(GameEngineTest.java:119)
	at java.base/java.lang.reflect.Constructor.newInstanceWithCaller(Constructor.java:500)
	at java.base/java.lang.reflect.Constructor.newInstance(Constructor.java:481)
	at java.base/java.util.Optional.orElseGet(Optional.java:364)
	at java.base/java.util.ArrayList.forEach(ArrayList.java:1511)
	at java.base/java.util.ArrayList.forEach(ArrayList.java:1511)
]]></error>
  </testcase>
  <testcase name="testProcessBattleOutcome" classname="war_games.GameEngineTest" time="0.0">
    <error message="Unresolved compilation problems: &#10;	Cannot make a static reference to the non-static method load(String) from the type GameState&#10;	Cannot make a static reference to the non-static method validateGameState(GameState) from the type GameState&#10;" type="java.lang.Error"><![CDATA[java.lang.Error: 
Unresolved compilation problems: 
	Cannot make a static reference to the non-static method load(String) from the type GameState
	Cannot make a static reference to the non-static method validateGameState(GameState) from the type GameState

	at war_games.GameEngineTest.<init>(GameEngineTest.java:119)
	at java.base/java.lang.reflect.Constructor.newInstanceWithCaller(Constructor.java:500)
	at java.base/java.lang.reflect.Constructor.newInstance(Constructor.java:481)
	at java.base/java.util.Optional.orElseGet(Optional.java:364)
	at java.base/java.util.ArrayList.forEach(ArrayList.java:1511)
	at java.base/java.util.ArrayList.forEach(ArrayList.java:1511)
]]></error>
  </testcase>
  <testcase name="testLoseExperience" classname="war_games.GameEngineTest" time="0.0">
    <error message="Unresolved compilation problems: &#10;	Cannot make a static reference to the non-static method load(String) from the type GameState&#10;	Cannot make a static reference to the non-static method validateGameState(GameState) from the type GameState&#10;" type="java.lang.Error"><![CDATA[java.lang.Error: 
Unresolved compilation problems: 
	Cannot make a static reference to the non-static method load(String) from the type GameState
	Cannot make a static reference to the non-static method validateGameState(GameState) from the type GameState

	at war_games.GameEngineTest.<init>(GameEngineTest.java:119)
	at java.base/java.lang.reflect.Constructor.newInstanceWithCaller(Constructor.java:500)
	at java.base/java.lang.reflect.Constructor.newInstance(Constructor.java:481)
	at java.base/java.util.Optional.orElseGet(Optional.java:364)
	at java.base/java.util.ArrayList.forEach(ArrayList.java:1511)
	at java.base/java.util.ArrayList.forEach(ArrayList.java:1511)
]]></error>
  </testcase>
  <testcase name="testInvalidChoice" classname="war_games.GameEngineTest" time="0.0">
    <error message="Unresolved compilation problems: &#10;	Cannot make a static reference to the non-static method load(String) from the type GameState&#10;	Cannot make a static reference to the non-static method validateGameState(GameState) from the type GameState&#10;" type="java.lang.Error"><![CDATA[java.lang.Error: 
Unresolved compilation problems: 
	Cannot make a static reference to the non-static method load(String) from the type GameState
	Cannot make a static reference to the non-static method validateGameState(GameState) from the type GameState

	at war_games.GameEngineTest.<init>(GameEngineTest.java:119)
	at java.base/java.lang.reflect.Constructor.newInstanceWithCaller(Constructor.java:500)
	at java.base/java.lang.reflect.Constructor.newInstance(Constructor.java:481)
	at java.base/java.util.Optional.orElseGet(Optional.java:364)
	at java.base/java.util.ArrayList.forEach(ArrayList.java:1511)
	at java.base/java.util.ArrayList.forEach(ArrayList.java:1511)
]]></error>
  </testcase>
  <testcase name="testGameStateLoad" classname="war_games.GameEngineTest" time="0.001">
    <error message="Unresolved compilation problems: &#10;	Cannot make a static reference to the non-static method load(String) from the type GameState&#10;	Cannot make a static reference to the non-static method validateGameState(GameState) from the type GameState&#10;" type="java.lang.Error"><![CDATA[java.lang.Error: 
Unresolved compilation problems: 
	Cannot make a static reference to the non-static method load(String) from the type GameState
	Cannot make a static reference to the non-static method validateGameState(GameState) from the type GameState

	at war_games.GameEngineTest.<init>(GameEngineTest.java:119)
	at java.base/java.lang.reflect.Constructor.newInstanceWithCaller(Constructor.java:500)
	at java.base/java.lang.reflect.Constructor.newInstance(Constructor.java:481)
	at java.base/java.util.Optional.orElseGet(Optional.java:364)
	at java.base/java.util.ArrayList.forEach(ArrayList.java:1511)
	at java.base/java.util.ArrayList.forEach(ArrayList.java:1511)
]]></error>
  </testcase>
  <testcase name="testLoadLastState" classname="war_games.GameEngineTest" time="0.001">
    <error message="Unresolved compilation problems: &#10;	Cannot make a static reference to the non-static method load(String) from the type GameState&#10;	Cannot make a static reference to the non-static method validateGameState(GameState) from the type GameState&#10;" type="java.lang.Error"><![CDATA[java.lang.Error: 
Unresolved compilation problems: 
	Cannot make a static reference to the non-static method load(String) from the type GameState
	Cannot make a static reference to the non-static method validateGameState(GameState) from the type GameState

	at war_games.GameEngineTest.<init>(GameEngineTest.java:119)
	at java.base/java.lang.reflect.Constructor.newInstanceWithCaller(Constructor.java:500)
	at java.base/java.lang.reflect.Constructor.newInstance(Constructor.java:481)
	at java.base/java.util.Optional.orElseGet(Optional.java:364)
	at java.base/java.util.ArrayList.forEach(ArrayList.java:1511)
	at java.base/java.util.ArrayList.forEach(ArrayList.java:1511)
]]></error>
  </testcase>
  <testcase name="testValidatePositiveNumber" classname="war_games.GameEngineTest" time="0.0">
    <error message="Unresolved compilation problems: &#10;	Cannot make a static reference to the non-static method load(String) from the type GameState&#10;	Cannot make a static reference to the non-static method validateGameState(GameState) from the type GameState&#10;" type="java.lang.Error"><![CDATA[java.lang.Error: 
Unresolved compilation problems: 
	Cannot make a static reference to the non-static method load(String) from the type GameState
	Cannot make a static reference to the non-static method validateGameState(GameState) from the type GameState

	at war_games.GameEngineTest.<init>(GameEngineTest.java:119)
	at java.base/java.lang.reflect.Constructor.newInstanceWithCaller(Constructor.java:500)
	at java.base/java.lang.reflect.Constructor.newInstance(Constructor.java:481)
	at java.base/java.util.Optional.orElseGet(Optional.java:364)
	at java.base/java.util.ArrayList.forEach(ArrayList.java:1511)
	at java.base/java.util.ArrayList.forEach(ArrayList.java:1511)
]]></error>
  </testcase>
  <testcase name="testGenerateOverallReport" classname="war_games.GameEngineTest" time="0.0">
    <error message="Unresolved compilation problems: &#10;	Cannot make a static reference to the non-static method load(String) from the type GameState&#10;	Cannot make a static reference to the non-static method validateGameState(GameState) from the type GameState&#10;" type="java.lang.Error"><![CDATA[java.lang.Error: 
Unresolved compilation problems: 
	Cannot make a static reference to the non-static method load(String) from the type GameState
	Cannot make a static reference to the non-static method validateGameState(GameState) from the type GameState

	at war_games.GameEngineTest.<init>(GameEngineTest.java:119)
	at java.base/java.lang.reflect.Constructor.newInstanceWithCaller(Constructor.java:500)
	at java.base/java.lang.reflect.Constructor.newInstance(Constructor.java:481)
	at java.base/java.util.Optional.orElseGet(Optional.java:364)
	at java.base/java.util.ArrayList.forEach(ArrayList.java:1511)
	at java.base/java.util.ArrayList.forEach(ArrayList.java:1511)
]]></error>
  </testcase>
  <testcase name="testGenerateReport" classname="war_games.GameEngineTest" time="0.0">
    <error message="Unresolved compilation problems: &#10;	Cannot make a static reference to the non-static method load(String) from the type GameState&#10;	Cannot make a static reference to the non-static method validateGameState(GameState) from the type GameState&#10;" type="java.lang.Error"><![CDATA[java.lang.Error: 
Unresolved compilation problems: 
	Cannot make a static reference to the non-static method load(String) from the type GameState
	Cannot make a static reference to the non-static method validateGameState(GameState) from the type GameState

	at war_games.GameEngineTest.<init>(GameEngineTest.java:119)
	at java.base/java.lang.reflect.Constructor.newInstanceWithCaller(Constructor.java:500)
	at java.base/java.lang.reflect.Constructor.newInstance(Constructor.java:481)
	at java.base/java.util.Optional.orElseGet(Optional.java:364)
	at java.base/java.util.ArrayList.forEach(ArrayList.java:1511)
	at java.base/java.util.ArrayList.forEach(ArrayList.java:1511)
]]></error>
  </testcase>
  <testcase name="testRecruitSoldiers_NotEnoughGold" classname="war_games.GameEngineTest" time="0.0">
    <error message="Unresolved compilation problems: &#10;	Cannot make a static reference to the non-static method load(String) from the type GameState&#10;	Cannot make a static reference to the non-static method validateGameState(GameState) from the type GameState&#10;" type="java.lang.Error"><![CDATA[java.lang.Error: 
Unresolved compilation problems: 
	Cannot make a static reference to the non-static method load(String) from the type GameState
	Cannot make a static reference to the non-static method validateGameState(GameState) from the type GameState

	at war_games.GameEngineTest.<init>(GameEngineTest.java:119)
	at java.base/java.lang.reflect.Constructor.newInstanceWithCaller(Constructor.java:500)
	at java.base/java.lang.reflect.Constructor.newInstance(Constructor.java:481)
	at java.base/java.util.Optional.orElseGet(Optional.java:364)
	at java.base/java.util.ArrayList.forEach(ArrayList.java:1511)
	at java.base/java.util.ArrayList.forEach(ArrayList.java:1511)
]]></error>
  </testcase>
  <testcase name="testLoggerLogMessage" classname="war_games.GameEngineTest" time="0.0">
    <error message="Unresolved compilation problems: &#10;	Cannot make a static reference to the non-static method load(String) from the type GameState&#10;	Cannot make a static reference to the non-static method validateGameState(GameState) from the type GameState&#10;" type="java.lang.Error"><![CDATA[java.lang.Error: 
Unresolved compilation problems: 
	Cannot make a static reference to the non-static method load(String) from the type GameState
	Cannot make a static reference to the non-static method validateGameState(GameState) from the type GameState

	at war_games.GameEngineTest.<init>(GameEngineTest.java:119)
	at java.base/java.lang.reflect.Constructor.newInstanceWithCaller(Constructor.java:500)
	at java.base/java.lang.reflect.Constructor.newInstance(Constructor.java:481)
	at java.base/java.util.Optional.orElseGet(Optional.java:364)
	at java.base/java.util.ArrayList.forEach(ArrayList.java:1511)
	at java.base/java.util.ArrayList.forEach(ArrayList.java:1511)
]]></error>
  </testcase>
  <testcase name="testAttack" classname="war_games.GameEngineTest" time="0.001">
    <error message="Unresolved compilation problems: &#10;	Cannot make a static reference to the non-static method load(String) from the type GameState&#10;	Cannot make a static reference to the non-static method validateGameState(GameState) from the type GameState&#10;" type="java.lang.Error"><![CDATA[java.lang.Error: 
Unresolved compilation problems: 
	Cannot make a static reference to the non-static method load(String) from the type GameState
	Cannot make a static reference to the non-static method validateGameState(GameState) from the type GameState

	at war_games.GameEngineTest.<init>(GameEngineTest.java:119)
	at java.base/java.lang.reflect.Constructor.newInstanceWithCaller(Constructor.java:500)
	at java.base/java.lang.reflect.Constructor.newInstance(Constructor.java:481)
	at java.base/java.util.Optional.orElseGet(Optional.java:364)
	at java.base/java.util.ArrayList.forEach(ArrayList.java:1511)
	at java.base/java.util.ArrayList.forEach(ArrayList.java:1511)
]]></error>
  </testcase>
  <testcase name="testValidateGameState" classname="war_games.GameEngineTest" time="0.001">
    <error message="Unresolved compilation problems: &#10;	Cannot make a static reference to the non-static method load(String) from the type GameState&#10;	Cannot make a static reference to the non-static method validateGameState(GameState) from the type GameState&#10;" type="java.lang.Error"><![CDATA[java.lang.Error: 
Unresolved compilation problems: 
	Cannot make a static reference to the non-static method load(String) from the type GameState
	Cannot make a static reference to the non-static method validateGameState(GameState) from the type GameState

	at war_games.GameEngineTest.<init>(GameEngineTest.java:119)
	at java.base/java.lang.reflect.Constructor.newInstanceWithCaller(Constructor.java:500)
	at java.base/java.lang.reflect.Constructor.newInstance(Constructor.java:481)
	at java.base/java.util.Optional.orElseGet(Optional.java:364)
	at java.base/java.util.ArrayList.forEach(ArrayList.java:1511)
	at java.base/java.util.ArrayList.forEach(ArrayList.java:1511)
]]></error>
  </testcase>
  <testcase name="testPerformManeuversWithSoldiers" classname="war_games.GameEngineTest" time="0.0">
    <error message="Unresolved compilation problems: &#10;	Cannot make a static reference to the non-static method load(String) from the type GameState&#10;	Cannot make a static reference to the non-static method validateGameState(GameState) from the type GameState&#10;" type="java.lang.Error"><![CDATA[java.lang.Error: 
Unresolved compilation problems: 
	Cannot make a static reference to the non-static method load(String) from the type GameState
	Cannot make a static reference to the non-static method validateGameState(GameState) from the type GameState

	at war_games.GameEngineTest.<init>(GameEngineTest.java:119)
	at java.base/java.lang.reflect.Constructor.newInstanceWithCaller(Constructor.java:500)
	at java.base/java.lang.reflect.Constructor.newInstance(Constructor.java:481)
	at java.base/java.util.Optional.orElseGet(Optional.java:364)
	at java.base/java.util.ArrayList.forEach(ArrayList.java:1511)
	at java.base/java.util.ArrayList.forEach(ArrayList.java:1511)
]]></error>
  </testcase>
</testsuite>