<?xml version="1.0" encoding="UTF-8"?>
<testsuite xmlns:xsi="http://www.w3.org/2001/XMLSchema-instance" xsi:noNamespaceSchemaLocation="https://maven.apache.org/surefire/maven-surefire-plugin/xsd/surefire-test-report-3.0.xsd" version="3.0" name="war_games.GameEngineTest" time="0.191" tests="24" errors="0" skipped="0" failures="0">
  <properties>
[...]
</properties>
  <testcase name="testAutoSave" classname="war_games.GameEngineTest" time="0.065">
    <system-out><![CDATA[Saving game...
Error saving game state: war_games.Generals.General
]]></system-out>
  </testcase>
  <testcase name="testGainExperience" classname="war_games.GameEngineTest" time="0.006"/>
  <testcase name="testPerformManeuvers" classname="war_games.GameEngineTest" time="0.004">
    <system-out><![CDATA[Performing maneuvers for General A
Maneuvers completed successfully.
]]></system-out>
  </testcase>
  <testcase name="testRemoveRandomSoldier" classname="war_games.GameEngineTest" time="0.001"/>
  <testcase name="testSaveGame" classname="war_games.GameEngineTest" time="0.005">
    <system-out><![CDATA[Saving game...
Error saving game state: war_games.Generals.General
]]></system-out>
  </testcase>
  <testcase name="testGetStrength" classname="war_games.GameEngineTest" time="0.002"/>
  <testcase name="testRemoveDeadSoldiers" classname="war_games.GameEngineTest" time="0.001"/>
  <testcase name="testAddSoldier" classname="war_games.GameEngineTest" time="0.001"/>
  <testcase name="testCalculateTotalStrength" classname="war_games.GameEngineTest" time="0.001"/>
  <testcase name="testPromote" classname="war_games.GameEngineTest" time="0.002"/>
  <testcase name="testProcessTie" classname="war_games.GameEngineTest" time="0.002">
    <system-out><![CDATA[It's a tie! Both generals lose one soldier.
]]></system-out>
  </testcase>
  <testcase name="testLoggerLogWithConsoleOutput" classname="war_games.GameEngineTest" time="0.009">
    <system-out><![CDATA[Test log message with console output
]]></system-out>
  </testcase>
  <testcase name="testShowStatus" classname="war_games.GameEngineTest" time="0.015">
    <system-out><![CDATA[Game Status:
Generals: [General{name='General A', gold=100, army=war_games.Generals.Army@865dd6}, General{name='General B', gold=100, army=war_games.Generals.Army@68c72235}]
]]></system-out>
  </testcase>
  <testcase name="testRecruitSoldiers_EnoughGold" classname="war_games.GameEngineTest" time="0.001">
    <system-out><![CDATA[Soldier recruited!
]]></system-out>
  </testcase>
  <testcase name="testLogGameState" classname="war_games.GameEngineTest" time="0.004">
    <system-out><![CDATA[===== Overall Game Report =====
General: General A
Gold: 100
Army:

General: General B
Gold: 100
Army:


]]></system-out>
  </testcase>
  <testcase name="testSaveMethod" classname="war_games.GameEngineTest" time="0.006">
    <system-out><![CDATA[Error saving game state: war_games.Generals.General
]]></system-out>
  </testcase>
  <testcase name="testProcessBattleOutcome" classname="war_games.GameEngineTest" time="0.002">
    <system-out><![CDATA[General A wins the battle!
]]></system-out>
  </testcase>
  <testcase name="testLoseExperience" classname="war_games.GameEngineTest" time="0.003"/>
  <testcase name="testGenerateOverallReport" classname="war_games.GameEngineTest" time="0.001"/>
  <testcase name="testGenerateReport" classname="war_games.GameEngineTest" time="0.002"/>
  <testcase name="testRecruitSoldiers_NotEnoughGold" classname="war_games.GameEngineTest" time="0.001">
    <system-out><![CDATA[Not enough gold.
]]></system-out>
  </testcase>
  <testcase name="testLoggerLogMessage" classname="war_games.GameEngineTest" time="0.001"/>
  <testcase name="testAttack" classname="war_games.GameEngineTest" time="0.001">
    <system-out><![CDATA[It's a tie! Both generals lose one soldier.
]]></system-out>
  </testcase>
  <testcase name="testPerformManeuversWithSoldiers" classname="war_games.GameEngineTest" time="0.001">
    <system-out><![CDATA[Performing maneuvers for General A
Maneuvers completed successfully.
]]></system-out>
  </testcase>
</testsuite>